{"/Users/william/Desktop/Projets Code/entretient/map-resolver/src/App.tsx": {"path":"/Users/william/Desktop/Projets Code/entretient/map-resolver/src/App.tsx","statementMap":{"0":{"start":{"line":12,"column":12},"end":{"line":85,"column":1}},"1":{"start":{"line":13,"column":32},"end":{"line":13,"column":54}},"2":{"start":{"line":14,"column":24},"end":{"line":14,"column":48}},"3":{"start":{"line":15,"column":30},"end":{"line":15,"column":50}},"4":{"start":{"line":16,"column":28},"end":{"line":16,"column":48}},"5":{"start":{"line":17,"column":30},"end":{"line":17,"column":54}},"6":{"start":{"line":19,"column":2},"end":{"line":26,"column":16}},"7":{"start":{"line":20,"column":4},"end":{"line":25,"column":5}},"8":{"start":{"line":21,"column":37},"end":{"line":21,"column":55}},"9":{"start":{"line":22,"column":6},"end":{"line":22,"column":22}},"10":{"start":{"line":23,"column":6},"end":{"line":23,"column":18}},"11":{"start":{"line":24,"column":6},"end":{"line":24,"column":24}},"12":{"start":{"line":28,"column":23},"end":{"line":38,"column":3}},"13":{"start":{"line":29,"column":19},"end":{"line":29,"column":33}},"14":{"start":{"line":30,"column":4},"end":{"line":37,"column":5}},"15":{"start":{"line":31,"column":6},"end":{"line":34,"column":8}},"16":{"start":{"line":32,"column":20},"end":{"line":32,"column":43}},"17":{"start":{"line":33,"column":8},"end":{"line":33,"column":36}},"18":{"start":{"line":36,"column":6},"end":{"line":36,"column":31}},"19":{"start":{"line":40,"column":23},"end":{"line":55,"column":3}},"20":{"start":{"line":41,"column":17},"end":{"line":41,"column":25}},"21":{"start":{"line":42,"column":30},"end":{"line":42,"column":32}},"22":{"start":{"line":43,"column":4},"end":{"line":51,"column":7}},"23":{"start":{"line":44,"column":29},"end":{"line":44,"column":40}},"24":{"start":{"line":45,"column":6},"end":{"line":49,"column":9}},"25":{"start":{"line":46,"column":37},"end":{"line":46,"column":75}},"26":{"start":{"line":47,"column":8},"end":{"line":47,"column":21}},"27":{"start":{"line":48,"column":8},"end":{"line":48,"column":46}},"28":{"start":{"line":50,"column":6},"end":{"line":50,"column":39}},"29":{"start":{"line":52,"column":4},"end":{"line":52,"column":25}},"30":{"start":{"line":53,"column":4},"end":{"line":53,"column":19}},"31":{"start":{"line":54,"column":4},"end":{"line":54,"column":20}},"32":{"start":{"line":57,"column":2},"end":{"line":62,"column":6}},"33":{"start":{"line":58,"column":4},"end":{"line":62,"column":6}},"34":{"start":{"line":64,"column":2},"end":{"line":84,"column":4}}},"fnMap":{"0":{"name":"(anonymous_0)","decl":{"start":{"line":12,"column":12},"end":{"line":12,"column":13}},"loc":{"start":{"line":12,"column":18},"end":{"line":85,"column":1}},"line":12},"1":{"name":"(anonymous_1)","decl":{"start":{"line":19,"column":12},"end":{"line":19,"column":13}},"loc":{"start":{"line":19,"column":18},"end":{"line":26,"column":3}},"line":19},"2":{"name":"(anonymous_2)","decl":{"start":{"line":28,"column":23},"end":{"line":28,"column":24}},"loc":{"start":{"line":28,"column":38},"end":{"line":38,"column":3}},"line":28},"3":{"name":"(anonymous_3)","decl":{"start":{"line":31,"column":22},"end":{"line":31,"column":23}},"loc":{"start":{"line":31,"column":28},"end":{"line":34,"column":7}},"line":31},"4":{"name":"(anonymous_4)","decl":{"start":{"line":40,"column":23},"end":{"line":40,"column":24}},"loc":{"start":{"line":40,"column":29},"end":{"line":55,"column":3}},"line":40},"5":{"name":"(anonymous_5)","decl":{"start":{"line":43,"column":19},"end":{"line":43,"column":20}},"loc":{"start":{"line":43,"column":29},"end":{"line":51,"column":5}},"line":43},"6":{"name":"(anonymous_6)","decl":{"start":{"line":45,"column":25},"end":{"line":45,"column":26}},"loc":{"start":{"line":45,"column":35},"end":{"line":49,"column":7}},"line":45}},"branchMap":{"0":{"loc":{"start":{"line":20,"column":4},"end":{"line":25,"column":5}},"type":"if","locations":[{"start":{"line":20,"column":4},"end":{"line":25,"column":5}},{"start":{},"end":{}}],"line":20},"1":{"loc":{"start":{"line":30,"column":4},"end":{"line":37,"column":5}},"type":"if","locations":[{"start":{"line":30,"column":4},"end":{"line":37,"column":5}},{"start":{"line":35,"column":11},"end":{"line":37,"column":5}}],"line":30},"2":{"loc":{"start":{"line":57,"column":2},"end":{"line":62,"column":6}},"type":"if","locations":[{"start":{"line":57,"column":2},"end":{"line":62,"column":6}},{"start":{},"end":{}}],"line":57},"3":{"loc":{"start":{"line":66,"column":7},"end":{"line":82,"column":7}},"type":"cond-expr","locations":[{"start":{"line":67,"column":8},"end":{"line":70,"column":11}},{"start":{"line":72,"column":8},"end":{"line":81,"column":11}}],"line":66},"4":{"loc":{"start":{"line":66,"column":7},"end":{"line":66,"column":31}},"type":"binary-expr","locations":[{"start":{"line":66,"column":7},"end":{"line":66,"column":21}},{"start":{"line":66,"column":25},"end":{"line":66,"column":31}}],"line":66}},"s":{"0":1,"1":1,"2":1,"3":1,"4":1,"5":1,"6":1,"7":0,"8":0,"9":0,"10":0,"11":0,"12":1,"13":0,"14":0,"15":0,"16":0,"17":0,"18":0,"19":1,"20":0,"21":0,"22":0,"23":0,"24":0,"25":0,"26":0,"27":0,"28":0,"29":0,"30":0,"31":0,"32":1,"33":0,"34":1},"f":{"0":1,"1":0,"2":0,"3":0,"4":0,"5":0,"6":0},"b":{"0":[0,0],"1":[0,0],"2":[0,1],"3":[0,1],"4":[1,0]},"_coverageSchema":"1a1c01bbd47fc00a2c39e90264f33305004495a9","hash":"959dd7c157e53302b2074bb18f681332aacad2f6"}
,"/Users/william/Desktop/Projets Code/entretient/map-resolver/src/index.tsx": {"path":"/Users/william/Desktop/Projets Code/entretient/map-resolver/src/index.tsx","statementMap":{"0":{"start":{"line":7,"column":20},"end":{"line":9,"column":1}},"1":{"start":{"line":10,"column":0},"end":{"line":14,"column":2}},"2":{"start":{"line":19,"column":0},"end":{"line":19,"column":18}}},"fnMap":{},"branchMap":{},"s":{"0":0,"1":0,"2":0},"f":{},"b":{}}
,"/Users/william/Desktop/Projets Code/entretient/map-resolver/src/reportWebVitals.ts": {"path":"/Users/william/Desktop/Projets Code/entretient/map-resolver/src/reportWebVitals.ts","statementMap":{"0":{"start":{"line":3,"column":24},"end":{"line":13,"column":1}},"1":{"start":{"line":4,"column":2},"end":{"line":12,"column":3}},"2":{"start":{"line":5,"column":4},"end":{"line":11,"column":7}},"3":{"start":{"line":6,"column":6},"end":{"line":6,"column":26}},"4":{"start":{"line":7,"column":6},"end":{"line":7,"column":26}},"5":{"start":{"line":8,"column":6},"end":{"line":8,"column":26}},"6":{"start":{"line":9,"column":6},"end":{"line":9,"column":26}},"7":{"start":{"line":10,"column":6},"end":{"line":10,"column":27}}},"fnMap":{"0":{"name":"(anonymous_0)","decl":{"start":{"line":3,"column":24},"end":{"line":3,"column":25}},"loc":{"start":{"line":3,"column":57},"end":{"line":13,"column":1}},"line":3},"1":{"name":"(anonymous_1)","decl":{"start":{"line":5,"column":30},"end":{"line":5,"column":31}},"loc":{"start":{"line":5,"column":79},"end":{"line":11,"column":5}},"line":5}},"branchMap":{"0":{"loc":{"start":{"line":4,"column":2},"end":{"line":12,"column":3}},"type":"if","locations":[{"start":{"line":4,"column":2},"end":{"line":12,"column":3}},{"start":{},"end":{}}],"line":4},"1":{"loc":{"start":{"line":4,"column":6},"end":{"line":4,"column":52}},"type":"binary-expr","locations":[{"start":{"line":4,"column":6},"end":{"line":4,"column":17}},{"start":{"line":4,"column":21},"end":{"line":4,"column":52}}],"line":4}},"s":{"0":0,"1":0,"2":0,"3":0,"4":0,"5":0,"6":0,"7":0},"f":{"0":0,"1":0},"b":{"0":[0,0],"1":[0,0]}}
,"/Users/william/Desktop/Projets Code/entretient/map-resolver/src/components/RenderMap.tsx": {"path":"/Users/william/Desktop/Projets Code/entretient/map-resolver/src/components/RenderMap.tsx","statementMap":{"0":{"start":{"line":7,"column":18},"end":{"line":25,"column":1}},"1":{"start":{"line":8,"column":18},"end":{"line":8,"column":23}},"2":{"start":{"line":9,"column":2},"end":{"line":24,"column":4}},"3":{"start":{"line":13,"column":25},"end":{"line":15,"column":14}},"4":{"start":{"line":14,"column":14},"end":{"line":14,"column":42}},"5":{"start":{"line":16,"column":12},"end":{"line":20,"column":14}}},"fnMap":{"0":{"name":"(anonymous_0)","decl":{"start":{"line":7,"column":18},"end":{"line":7,"column":19}},"loc":{"start":{"line":7,"column":36},"end":{"line":25,"column":1}},"line":7},"1":{"name":"(anonymous_1)","decl":{"start":{"line":12,"column":18},"end":{"line":12,"column":19}},"loc":{"start":{"line":12,"column":34},"end":{"line":21,"column":11}},"line":12},"2":{"name":"(anonymous_2)","decl":{"start":{"line":13,"column":35},"end":{"line":13,"column":36}},"loc":{"start":{"line":14,"column":14},"end":{"line":14,"column":42}},"line":14}},"branchMap":{"0":{"loc":{"start":{"line":11,"column":7},"end":{"line":22,"column":32}},"type":"cond-expr","locations":[{"start":{"line":12,"column":10},"end":{"line":21,"column":12}},{"start":{"line":22,"column":10},"end":{"line":22,"column":32}}],"line":11},"1":{"loc":{"start":{"line":11,"column":7},"end":{"line":11,"column":46}},"type":"binary-expr","locations":[{"start":{"line":11,"column":7},"end":{"line":11,"column":26}},{"start":{"line":11,"column":30},"end":{"line":11,"column":46}}],"line":11}},"s":{"0":2,"1":1,"2":1,"3":4,"4":12,"5":4},"f":{"0":1,"1":4,"2":12},"b":{"0":[1,0],"1":[1,1]},"_coverageSchema":"1a1c01bbd47fc00a2c39e90264f33305004495a9","hash":"a2daa7b34c711a79171be554fbd4353e5179bad8"}
,"/Users/william/Desktop/Projets Code/entretient/map-resolver/src/components/RenderResults.tsx": {"path":"/Users/william/Desktop/Projets Code/entretient/map-resolver/src/components/RenderResults.tsx","statementMap":{"0":{"start":{"line":9,"column":17},"end":{"line":24,"column":1}},"1":{"start":{"line":10,"column":27},"end":{"line":10,"column":29}},"2":{"start":{"line":11,"column":27},"end":{"line":11,"column":29}},"3":{"start":{"line":13,"column":2},"end":{"line":22,"column":5}},"4":{"start":{"line":14,"column":4},"end":{"line":21,"column":7}},"5":{"start":{"line":15,"column":6},"end":{"line":20,"column":7}},"6":{"start":{"line":16,"column":21},"end":{"line":16,"column":33}},"7":{"start":{"line":17,"column":8},"end":{"line":17,"column":80}},"8":{"start":{"line":18,"column":13},"end":{"line":20,"column":7}},"9":{"start":{"line":19,"column":8},"end":{"line":19,"column":54}},"10":{"start":{"line":23,"column":2},"end":{"line":23,"column":34}},"11":{"start":{"line":26,"column":29},"end":{"line":52,"column":1}},"12":{"start":{"line":27,"column":26},"end":{"line":27,"column":31}},"13":{"start":{"line":28,"column":35},"end":{"line":28,"column":48}},"14":{"start":{"line":29,"column":2},"end":{"line":51,"column":4}},"15":{"start":{"line":34,"column":8},"end":{"line":36,"column":52}},"16":{"start":{"line":40,"column":8},"end":{"line":42,"column":73}},"17":{"start":{"line":46,"column":8},"end":{"line":48,"column":118}}},"fnMap":{"0":{"name":"(anonymous_0)","decl":{"start":{"line":9,"column":17},"end":{"line":9,"column":18}},"loc":{"start":{"line":9,"column":78},"end":{"line":24,"column":1}},"line":9},"1":{"name":"(anonymous_1)","decl":{"start":{"line":13,"column":14},"end":{"line":13,"column":15}},"loc":{"start":{"line":13,"column":35},"end":{"line":22,"column":3}},"line":13},"2":{"name":"(anonymous_2)","decl":{"start":{"line":14,"column":17},"end":{"line":14,"column":18}},"loc":{"start":{"line":14,"column":36},"end":{"line":21,"column":5}},"line":14},"3":{"name":"(anonymous_3)","decl":{"start":{"line":26,"column":29},"end":{"line":26,"column":30}},"loc":{"start":{"line":26,"column":47},"end":{"line":52,"column":1}},"line":26},"4":{"name":"(anonymous_4)","decl":{"start":{"line":33,"column":21},"end":{"line":33,"column":22}},"loc":{"start":{"line":34,"column":8},"end":{"line":36,"column":52}},"line":34},"5":{"name":"(anonymous_5)","decl":{"start":{"line":39,"column":21},"end":{"line":39,"column":22}},"loc":{"start":{"line":40,"column":8},"end":{"line":42,"column":73}},"line":40},"6":{"name":"(anonymous_6)","decl":{"start":{"line":45,"column":18},"end":{"line":45,"column":19}},"loc":{"start":{"line":46,"column":8},"end":{"line":48,"column":118}},"line":46}},"branchMap":{"0":{"loc":{"start":{"line":15,"column":6},"end":{"line":20,"column":7}},"type":"if","locations":[{"start":{"line":15,"column":6},"end":{"line":20,"column":7}},{"start":{"line":18,"column":13},"end":{"line":20,"column":7}}],"line":15},"1":{"loc":{"start":{"line":17,"column":60},"end":{"line":17,"column":76}},"type":"cond-expr","locations":[{"start":{"line":17,"column":67},"end":{"line":17,"column":72}},{"start":{"line":17,"column":75},"end":{"line":17,"column":76}}],"line":17},"2":{"loc":{"start":{"line":18,"column":13},"end":{"line":20,"column":7}},"type":"if","locations":[{"start":{"line":18,"column":13},"end":{"line":20,"column":7}},{"start":{},"end":{}}],"line":18}},"s":{"0":2,"1":1,"2":1,"3":1,"4":4,"5":12,"6":1,"7":1,"8":11,"9":2,"10":1,"11":2,"12":1,"13":1,"14":1,"15":2,"16":1,"17":1},"f":{"0":1,"1":4,"2":12,"3":1,"4":2,"5":1,"6":1},"b":{"0":[1,11],"1":[1,0],"2":[2,9]},"_coverageSchema":"1a1c01bbd47fc00a2c39e90264f33305004495a9","hash":"58aff2d58150fe4a1ca1f464722391133b81bad7"}
,"/Users/william/Desktop/Projets Code/entretient/map-resolver/src/type/enum.ts": {"path":"/Users/william/Desktop/Projets Code/entretient/map-resolver/src/type/enum.ts","statementMap":{},"fnMap":{},"branchMap":{},"s":{},"f":{},"b":{},"_coverageSchema":"1a1c01bbd47fc00a2c39e90264f33305004495a9","hash":"c0f5dde9b0cd461a31b20cd146700c2dbd220462"}
,"/Users/william/Desktop/Projets Code/entretient/map-resolver/src/type/regex.ts": {"path":"/Users/william/Desktop/Projets Code/entretient/map-resolver/src/type/regex.ts","statementMap":{"0":{"start":{"line":1,"column":59},"end":{"line":4,"column":1}}},"fnMap":{},"branchMap":{},"s":{"0":3},"f":{},"b":{},"_coverageSchema":"1a1c01bbd47fc00a2c39e90264f33305004495a9","hash":"8dced6213aedc1b3c49bc1998a7fe11988455930"}
,"/Users/william/Desktop/Projets Code/entretient/map-resolver/src/type/type.ts": {"path":"/Users/william/Desktop/Projets Code/entretient/map-resolver/src/type/type.ts","statementMap":{},"fnMap":{},"branchMap":{},"s":{},"f":{},"b":{}}
,"/Users/william/Desktop/Projets Code/entretient/map-resolver/src/utils/createMap.ts": {"path":"/Users/william/Desktop/Projets Code/entretient/map-resolver/src/utils/createMap.ts","statementMap":{"0":{"start":{"line":7,"column":25},"end":{"line":29,"column":1}},"1":{"start":{"line":8,"column":2},"end":{"line":8,"column":20}},"2":{"start":{"line":9,"column":2},"end":{"line":27,"column":3}},"3":{"start":{"line":10,"column":4},"end":{"line":10,"column":53}},"4":{"start":{"line":10,"column":27},"end":{"line":10,"column":53}},"5":{"start":{"line":11,"column":4},"end":{"line":11,"column":78}},"6":{"start":{"line":11,"column":52},"end":{"line":11,"column":78}},"7":{"start":{"line":12,"column":4},"end":{"line":12,"column":68}},"8":{"start":{"line":12,"column":40},"end":{"line":12,"column":68}},"9":{"start":{"line":13,"column":9},"end":{"line":27,"column":3}},"10":{"start":{"line":14,"column":4},"end":{"line":14,"column":58}},"11":{"start":{"line":14,"column":27},"end":{"line":14,"column":58}},"12":{"start":{"line":15,"column":4},"end":{"line":16,"column":37}},"13":{"start":{"line":16,"column":6},"end":{"line":16,"column":37}},"14":{"start":{"line":17,"column":9},"end":{"line":27,"column":3}},"15":{"start":{"line":18,"column":4},"end":{"line":18,"column":58}},"16":{"start":{"line":18,"column":27},"end":{"line":18,"column":58}},"17":{"start":{"line":19,"column":4},"end":{"line":20,"column":37}},"18":{"start":{"line":20,"column":6},"end":{"line":20,"column":37}},"19":{"start":{"line":21,"column":9},"end":{"line":27,"column":3}},"20":{"start":{"line":22,"column":4},"end":{"line":22,"column":56}},"21":{"start":{"line":22,"column":27},"end":{"line":22,"column":56}},"22":{"start":{"line":23,"column":4},"end":{"line":24,"column":35}},"23":{"start":{"line":24,"column":6},"end":{"line":24,"column":35}},"24":{"start":{"line":25,"column":4},"end":{"line":25,"column":73}},"25":{"start":{"line":25,"column":39},"end":{"line":25,"column":73}},"26":{"start":{"line":26,"column":4},"end":{"line":26,"column":62}},"27":{"start":{"line":26,"column":37},"end":{"line":26,"column":62}},"28":{"start":{"line":28,"column":2},"end":{"line":28,"column":12}},"29":{"start":{"line":31,"column":25},"end":{"line":91,"column":1}},"30":{"start":{"line":32,"column":26},"end":{"line":32,"column":28}},"31":{"start":{"line":33,"column":26},"end":{"line":33,"column":28}},"32":{"start":{"line":34,"column":25},"end":{"line":34,"column":27}},"33":{"start":{"line":35,"column":24},"end":{"line":35,"column":26}},"34":{"start":{"line":36,"column":22},"end":{"line":36,"column":24}},"35":{"start":{"line":38,"column":2},"end":{"line":71,"column":5}},"36":{"start":{"line":39,"column":23},"end":{"line":39,"column":55}},"37":{"start":{"line":41,"column":4},"end":{"line":41,"column":34}},"38":{"start":{"line":42,"column":4},"end":{"line":42,"column":27}},"39":{"start":{"line":42,"column":15},"end":{"line":42,"column":27}},"40":{"start":{"line":44,"column":4},"end":{"line":69,"column":5}},"41":{"start":{"line":45,"column":6},"end":{"line":51,"column":7}},"42":{"start":{"line":45,"column":19},"end":{"line":45,"column":20}},"43":{"start":{"line":46,"column":30},"end":{"line":46,"column":32}},"44":{"start":{"line":47,"column":8},"end":{"line":49,"column":9}},"45":{"start":{"line":47,"column":21},"end":{"line":47,"column":22}},"46":{"start":{"line":48,"column":10},"end":{"line":48,"column":24}},"47":{"start":{"line":50,"column":8},"end":{"line":50,"column":22}},"48":{"start":{"line":52,"column":11},"end":{"line":69,"column":5}},"49":{"start":{"line":53,"column":6},"end":{"line":57,"column":9}},"50":{"start":{"line":58,"column":11},"end":{"line":69,"column":5}},"51":{"start":{"line":59,"column":6},"end":{"line":59,"column":62}},"52":{"start":{"line":60,"column":11},"end":{"line":69,"column":5}},"53":{"start":{"line":61,"column":6},"end":{"line":68,"column":9}},"54":{"start":{"line":70,"column":4},"end":{"line":70,"column":17}},"55":{"start":{"line":73,"column":2},"end":{"line":77,"column":7}},"56":{"start":{"line":75,"column":6},"end":{"line":75,"column":64}},"57":{"start":{"line":75,"column":37},"end":{"line":75,"column":64}},"58":{"start":{"line":76,"column":6},"end":{"line":76,"column":30}},"59":{"start":{"line":78,"column":2},"end":{"line":82,"column":7}},"60":{"start":{"line":80,"column":6},"end":{"line":80,"column":64}},"61":{"start":{"line":80,"column":37},"end":{"line":80,"column":64}},"62":{"start":{"line":81,"column":6},"end":{"line":81,"column":43}},"63":{"start":{"line":83,"column":2},"end":{"line":88,"column":7}},"64":{"start":{"line":85,"column":6},"end":{"line":86,"column":33}},"65":{"start":{"line":86,"column":8},"end":{"line":86,"column":33}},"66":{"start":{"line":87,"column":6},"end":{"line":87,"column":61}},"67":{"start":{"line":90,"column":2},"end":{"line":90,"column":52}}},"fnMap":{"0":{"name":"(anonymous_0)","decl":{"start":{"line":7,"column":25},"end":{"line":7,"column":26}},"loc":{"start":{"line":7,"column":45},"end":{"line":29,"column":1}},"line":7},"1":{"name":"(anonymous_1)","decl":{"start":{"line":31,"column":25},"end":{"line":31,"column":26}},"loc":{"start":{"line":31,"column":48},"end":{"line":91,"column":1}},"line":31},"2":{"name":"(anonymous_2)","decl":{"start":{"line":38,"column":15},"end":{"line":38,"column":16}},"loc":{"start":{"line":38,"column":22},"end":{"line":71,"column":3}},"line":38},"3":{"name":"(anonymous_3)","decl":{"start":{"line":74,"column":21},"end":{"line":74,"column":22}},"loc":{"start":{"line":74,"column":30},"end":{"line":77,"column":5}},"line":74},"4":{"name":"(anonymous_4)","decl":{"start":{"line":79,"column":21},"end":{"line":79,"column":22}},"loc":{"start":{"line":79,"column":30},"end":{"line":82,"column":5}},"line":79},"5":{"name":"(anonymous_5)","decl":{"start":{"line":84,"column":19},"end":{"line":84,"column":20}},"loc":{"start":{"line":84,"column":29},"end":{"line":88,"column":5}},"line":84}},"branchMap":{"0":{"loc":{"start":{"line":9,"column":2},"end":{"line":27,"column":3}},"type":"if","locations":[{"start":{"line":9,"column":2},"end":{"line":27,"column":3}},{"start":{"line":13,"column":9},"end":{"line":27,"column":3}}],"line":9},"1":{"loc":{"start":{"line":10,"column":4},"end":{"line":10,"column":53}},"type":"if","locations":[{"start":{"line":10,"column":4},"end":{"line":10,"column":53}},{"start":{},"end":{}}],"line":10},"2":{"loc":{"start":{"line":11,"column":4},"end":{"line":11,"column":78}},"type":"if","locations":[{"start":{"line":11,"column":4},"end":{"line":11,"column":78}},{"start":{},"end":{}}],"line":11},"3":{"loc":{"start":{"line":11,"column":8},"end":{"line":11,"column":50}},"type":"binary-expr","locations":[{"start":{"line":11,"column":8},"end":{"line":11,"column":27}},{"start":{"line":11,"column":31},"end":{"line":11,"column":50}}],"line":11},"4":{"loc":{"start":{"line":12,"column":4},"end":{"line":12,"column":68}},"type":"if","locations":[{"start":{"line":12,"column":4},"end":{"line":12,"column":68}},{"start":{},"end":{}}],"line":12},"5":{"loc":{"start":{"line":12,"column":8},"end":{"line":12,"column":38}},"type":"binary-expr","locations":[{"start":{"line":12,"column":8},"end":{"line":12,"column":21}},{"start":{"line":12,"column":25},"end":{"line":12,"column":38}}],"line":12},"6":{"loc":{"start":{"line":13,"column":9},"end":{"line":27,"column":3}},"type":"if","locations":[{"start":{"line":13,"column":9},"end":{"line":27,"column":3}},{"start":{"line":17,"column":9},"end":{"line":27,"column":3}}],"line":13},"7":{"loc":{"start":{"line":14,"column":4},"end":{"line":14,"column":58}},"type":"if","locations":[{"start":{"line":14,"column":4},"end":{"line":14,"column":58}},{"start":{},"end":{}}],"line":14},"8":{"loc":{"start":{"line":15,"column":4},"end":{"line":16,"column":37}},"type":"if","locations":[{"start":{"line":15,"column":4},"end":{"line":16,"column":37}},{"start":{},"end":{}}],"line":15},"9":{"loc":{"start":{"line":15,"column":8},"end":{"line":15,"column":73}},"type":"binary-expr","locations":[{"start":{"line":15,"column":8},"end":{"line":15,"column":27}},{"start":{"line":15,"column":31},"end":{"line":15,"column":50}},{"start":{"line":15,"column":54},"end":{"line":15,"column":73}}],"line":15},"10":{"loc":{"start":{"line":17,"column":9},"end":{"line":27,"column":3}},"type":"if","locations":[{"start":{"line":17,"column":9},"end":{"line":27,"column":3}},{"start":{"line":21,"column":9},"end":{"line":27,"column":3}}],"line":17},"11":{"loc":{"start":{"line":18,"column":4},"end":{"line":18,"column":58}},"type":"if","locations":[{"start":{"line":18,"column":4},"end":{"line":18,"column":58}},{"start":{},"end":{}}],"line":18},"12":{"loc":{"start":{"line":19,"column":4},"end":{"line":20,"column":37}},"type":"if","locations":[{"start":{"line":19,"column":4},"end":{"line":20,"column":37}},{"start":{},"end":{}}],"line":19},"13":{"loc":{"start":{"line":19,"column":8},"end":{"line":19,"column":50}},"type":"binary-expr","locations":[{"start":{"line":19,"column":8},"end":{"line":19,"column":27}},{"start":{"line":19,"column":31},"end":{"line":19,"column":50}}],"line":19},"14":{"loc":{"start":{"line":21,"column":9},"end":{"line":27,"column":3}},"type":"if","locations":[{"start":{"line":21,"column":9},"end":{"line":27,"column":3}},{"start":{},"end":{}}],"line":21},"15":{"loc":{"start":{"line":22,"column":4},"end":{"line":22,"column":56}},"type":"if","locations":[{"start":{"line":22,"column":4},"end":{"line":22,"column":56}},{"start":{},"end":{}}],"line":22},"16":{"loc":{"start":{"line":23,"column":4},"end":{"line":24,"column":35}},"type":"if","locations":[{"start":{"line":23,"column":4},"end":{"line":24,"column":35}},{"start":{},"end":{}}],"line":23},"17":{"loc":{"start":{"line":23,"column":8},"end":{"line":23,"column":50}},"type":"binary-expr","locations":[{"start":{"line":23,"column":8},"end":{"line":23,"column":27}},{"start":{"line":23,"column":31},"end":{"line":23,"column":50}}],"line":23},"18":{"loc":{"start":{"line":25,"column":4},"end":{"line":25,"column":73}},"type":"if","locations":[{"start":{"line":25,"column":4},"end":{"line":25,"column":73}},{"start":{},"end":{}}],"line":25},"19":{"loc":{"start":{"line":26,"column":4},"end":{"line":26,"column":62}},"type":"if","locations":[{"start":{"line":26,"column":4},"end":{"line":26,"column":62}},{"start":{},"end":{}}],"line":26},"20":{"loc":{"start":{"line":42,"column":4},"end":{"line":42,"column":27}},"type":"if","locations":[{"start":{"line":42,"column":4},"end":{"line":42,"column":27}},{"start":{},"end":{}}],"line":42},"21":{"loc":{"start":{"line":44,"column":4},"end":{"line":69,"column":5}},"type":"if","locations":[{"start":{"line":44,"column":4},"end":{"line":69,"column":5}},{"start":{"line":52,"column":11},"end":{"line":69,"column":5}}],"line":44},"22":{"loc":{"start":{"line":52,"column":11},"end":{"line":69,"column":5}},"type":"if","locations":[{"start":{"line":52,"column":11},"end":{"line":69,"column":5}},{"start":{"line":58,"column":11},"end":{"line":69,"column":5}}],"line":52},"23":{"loc":{"start":{"line":58,"column":11},"end":{"line":69,"column":5}},"type":"if","locations":[{"start":{"line":58,"column":11},"end":{"line":69,"column":5}},{"start":{"line":60,"column":11},"end":{"line":69,"column":5}}],"line":58},"24":{"loc":{"start":{"line":60,"column":11},"end":{"line":69,"column":5}},"type":"if","locations":[{"start":{"line":60,"column":11},"end":{"line":69,"column":5}},{"start":{},"end":{}}],"line":60},"25":{"loc":{"start":{"line":73,"column":2},"end":{"line":77,"column":6}},"type":"binary-expr","locations":[{"start":{"line":73,"column":2},"end":{"line":73,"column":8}},{"start":{"line":74,"column":4},"end":{"line":77,"column":6}}],"line":73},"26":{"loc":{"start":{"line":75,"column":6},"end":{"line":75,"column":64}},"type":"if","locations":[{"start":{"line":75,"column":6},"end":{"line":75,"column":64}},{"start":{},"end":{}}],"line":75},"27":{"loc":{"start":{"line":78,"column":2},"end":{"line":82,"column":6}},"type":"binary-expr","locations":[{"start":{"line":78,"column":2},"end":{"line":78,"column":8}},{"start":{"line":79,"column":4},"end":{"line":82,"column":6}}],"line":78},"28":{"loc":{"start":{"line":80,"column":6},"end":{"line":80,"column":64}},"type":"if","locations":[{"start":{"line":80,"column":6},"end":{"line":80,"column":64}},{"start":{},"end":{}}],"line":80},"29":{"loc":{"start":{"line":83,"column":2},"end":{"line":88,"column":6}},"type":"binary-expr","locations":[{"start":{"line":83,"column":2},"end":{"line":83,"column":8}},{"start":{"line":84,"column":4},"end":{"line":88,"column":6}}],"line":83},"30":{"loc":{"start":{"line":85,"column":6},"end":{"line":86,"column":33}},"type":"if","locations":[{"start":{"line":85,"column":6},"end":{"line":86,"column":33}},{"start":{},"end":{}}],"line":85}},"s":{"0":2,"1":37,"2":37,"3":9,"4":1,"5":8,"6":1,"7":7,"8":2,"9":28,"10":10,"11":1,"12":9,"13":1,"14":18,"15":10,"16":1,"17":9,"18":1,"19":8,"20":8,"21":1,"22":7,"23":1,"24":6,"25":1,"26":5,"27":1,"28":25,"29":2,"30":5,"31":5,"32":5,"33":5,"34":5,"35":5,"36":25,"37":25,"38":25,"39":1,"40":24,"41":4,"42":4,"43":16,"44":16,"45":16,"46":48,"47":16,"48":20,"49":8,"50":12,"51":8,"52":4,"53":4,"54":24,"55":5,"56":8,"57":1,"58":8,"59":5,"60":6,"61":1,"62":6,"63":5,"64":2,"65":1,"66":2,"67":5},"f":{"0":37,"1":5,"2":25,"3":8,"4":6,"5":2},"b":{"0":[9,28],"1":[1,8],"2":[1,7],"3":[8,7],"4":[2,5],"5":[7,7],"6":[10,18],"7":[1,9],"8":[1,8],"9":[9,9,8],"10":[10,8],"11":[1,9],"12":[1,8],"13":[9,9],"14":[8,0],"15":[1,7],"16":[1,6],"17":[7,7],"18":[1,5],"19":[1,4],"20":[1,24],"21":[4,20],"22":[8,12],"23":[8,4],"24":[4,0],"25":[5,4],"26":[1,7],"27":[5,3],"28":[1,5],"29":[5,2],"30":[1,1]},"_coverageSchema":"1a1c01bbd47fc00a2c39e90264f33305004495a9","hash":"b7302e929ae53a388285f20a3eb43b8bdfb368a8"}
,"/Users/william/Desktop/Projets Code/entretient/map-resolver/src/utils/isEnum.ts": {"path":"/Users/william/Desktop/Projets Code/entretient/map-resolver/src/utils/isEnum.ts","statementMap":{"0":{"start":{"line":3,"column":22},"end":{"line":5,"column":1}},"1":{"start":{"line":4,"column":2},"end":{"line":4,"column":40}}},"fnMap":{"0":{"name":"(anonymous_0)","decl":{"start":{"line":3,"column":22},"end":{"line":3,"column":23}},"loc":{"start":{"line":3,"column":77},"end":{"line":5,"column":1}},"line":3}},"branchMap":{},"s":{"0":3,"1":10},"f":{"0":10},"b":{},"_coverageSchema":"1a1c01bbd47fc00a2c39e90264f33305004495a9","hash":"aac0d6c416fe816df3cac0d0af4783917d9defc8"}
,"/Users/william/Desktop/Projets Code/entretient/map-resolver/src/utils/isNumeric.ts": {"path":"/Users/william/Desktop/Projets Code/entretient/map-resolver/src/utils/isNumeric.ts","statementMap":{"0":{"start":{"line":3,"column":25},"end":{"line":5,"column":1}},"1":{"start":{"line":4,"column":2},"end":{"line":4,"column":36}}},"fnMap":{"0":{"name":"(anonymous_0)","decl":{"start":{"line":3,"column":25},"end":{"line":3,"column":26}},"loc":{"start":{"line":3,"column":44},"end":{"line":5,"column":1}},"line":3}},"branchMap":{},"s":{"0":3,"1":77},"f":{"0":77},"b":{},"_coverageSchema":"1a1c01bbd47fc00a2c39e90264f33305004495a9","hash":"d82aa0a3fee9bc4748307acfa03993f1852e5a8c"}
,"/Users/william/Desktop/Projets Code/entretient/map-resolver/src/utils/onMove.ts": {"path":"/Users/william/Desktop/Projets Code/entretient/map-resolver/src/utils/onMove.ts","statementMap":{"0":{"start":{"line":4,"column":27},"end":{"line":19,"column":1}},"1":{"start":{"line":5,"column":16},"end":{"line":5,"column":27}},"2":{"start":{"line":6,"column":2},"end":{"line":6,"column":29}},"3":{"start":{"line":7,"column":2},"end":{"line":16,"column":3}},"4":{"start":{"line":8,"column":4},"end":{"line":14,"column":5}},"5":{"start":{"line":8,"column":25},"end":{"line":8,"column":48}},"6":{"start":{"line":10,"column":24},"end":{"line":10,"column":40}},"7":{"start":{"line":11,"column":19},"end":{"line":11,"column":33}},"8":{"start":{"line":13,"column":6},"end":{"line":13,"column":55}},"9":{"start":{"line":15,"column":4},"end":{"line":15,"column":26}},"10":{"start":{"line":18,"column":2},"end":{"line":18,"column":17}},"11":{"start":{"line":21,"column":33},"end":{"line":45,"column":1}},"12":{"start":{"line":25,"column":20},"end":{"line":25,"column":38}},"13":{"start":{"line":26,"column":2},"end":{"line":43,"column":3}},"14":{"start":{"line":27,"column":4},"end":{"line":34,"column":36}},"15":{"start":{"line":28,"column":6},"end":{"line":28,"column":38}},"16":{"start":{"line":29,"column":9},"end":{"line":34,"column":36}},"17":{"start":{"line":30,"column":6},"end":{"line":30,"column":36}},"18":{"start":{"line":31,"column":9},"end":{"line":34,"column":36}},"19":{"start":{"line":32,"column":6},"end":{"line":32,"column":37}},"20":{"start":{"line":33,"column":9},"end":{"line":34,"column":36}},"21":{"start":{"line":34,"column":6},"end":{"line":34,"column":36}},"22":{"start":{"line":35,"column":9},"end":{"line":43,"column":3}},"23":{"start":{"line":36,"column":4},"end":{"line":42,"column":37}},"24":{"start":{"line":36,"column":49},"end":{"line":36,"column":79}},"25":{"start":{"line":37,"column":9},"end":{"line":42,"column":37}},"26":{"start":{"line":38,"column":6},"end":{"line":38,"column":38}},"27":{"start":{"line":39,"column":9},"end":{"line":42,"column":37}},"28":{"start":{"line":40,"column":6},"end":{"line":40,"column":36}},"29":{"start":{"line":41,"column":9},"end":{"line":42,"column":37}},"30":{"start":{"line":42,"column":6},"end":{"line":42,"column":37}},"31":{"start":{"line":44,"column":2},"end":{"line":44,"column":21}},"32":{"start":{"line":47,"column":24},"end":{"line":151,"column":1}},"33":{"start":{"line":51,"column":15},"end":{"line":51,"column":30}},"34":{"start":{"line":57,"column":6},"end":{"line":57,"column":10}},"35":{"start":{"line":58,"column":24},"end":{"line":61,"column":3}},"36":{"start":{"line":62,"column":16},"end":{"line":62,"column":27}},"37":{"start":{"line":64,"column":2},"end":{"line":148,"column":3}},"38":{"start":{"line":65,"column":4},"end":{"line":65,"column":61}},"39":{"start":{"line":65,"column":40},"end":{"line":65,"column":61}},"40":{"start":{"line":66,"column":4},"end":{"line":69,"column":27}},"41":{"start":{"line":69,"column":6},"end":{"line":69,"column":27}},"42":{"start":{"line":71,"column":4},"end":{"line":71,"column":67}},"43":{"start":{"line":72,"column":4},"end":{"line":75,"column":6}},"44":{"start":{"line":76,"column":4},"end":{"line":76,"column":60}},"45":{"start":{"line":78,"column":4},"end":{"line":84,"column":6}},"46":{"start":{"line":85,"column":9},"end":{"line":148,"column":3}},"47":{"start":{"line":86,"column":4},"end":{"line":86,"column":61}},"48":{"start":{"line":86,"column":40},"end":{"line":86,"column":61}},"49":{"start":{"line":87,"column":4},"end":{"line":90,"column":27}},"50":{"start":{"line":90,"column":6},"end":{"line":90,"column":27}},"51":{"start":{"line":92,"column":4},"end":{"line":92,"column":67}},"52":{"start":{"line":93,"column":4},"end":{"line":96,"column":6}},"53":{"start":{"line":97,"column":4},"end":{"line":97,"column":60}},"54":{"start":{"line":99,"column":4},"end":{"line":105,"column":6}},"55":{"start":{"line":106,"column":9},"end":{"line":148,"column":3}},"56":{"start":{"line":107,"column":4},"end":{"line":107,"column":80}},"57":{"start":{"line":107,"column":59},"end":{"line":107,"column":80}},"58":{"start":{"line":108,"column":4},"end":{"line":111,"column":27}},"59":{"start":{"line":111,"column":6},"end":{"line":111,"column":27}},"60":{"start":{"line":113,"column":4},"end":{"line":113,"column":67}},"61":{"start":{"line":114,"column":4},"end":{"line":117,"column":6}},"62":{"start":{"line":118,"column":4},"end":{"line":118,"column":60}},"63":{"start":{"line":120,"column":4},"end":{"line":126,"column":6}},"64":{"start":{"line":127,"column":9},"end":{"line":148,"column":3}},"65":{"start":{"line":128,"column":4},"end":{"line":128,"column":80}},"66":{"start":{"line":128,"column":59},"end":{"line":128,"column":80}},"67":{"start":{"line":129,"column":4},"end":{"line":132,"column":27}},"68":{"start":{"line":132,"column":6},"end":{"line":132,"column":27}},"69":{"start":{"line":134,"column":4},"end":{"line":134,"column":67}},"70":{"start":{"line":135,"column":4},"end":{"line":138,"column":6}},"71":{"start":{"line":139,"column":4},"end":{"line":139,"column":60}},"72":{"start":{"line":141,"column":4},"end":{"line":147,"column":6}},"73":{"start":{"line":150,"column":2},"end":{"line":150,"column":23}},"74":{"start":{"line":153,"column":22},"end":{"line":178,"column":1}},"75":{"start":{"line":161,"column":2},"end":{"line":173,"column":3}},"76":{"start":{"line":162,"column":33},"end":{"line":162,"column":59}},"77":{"start":{"line":163,"column":4},"end":{"line":166,"column":6}},"78":{"start":{"line":167,"column":9},"end":{"line":173,"column":3}},"79":{"start":{"line":168,"column":24},"end":{"line":168,"column":65}},"80":{"start":{"line":169,"column":4},"end":{"line":172,"column":6}},"81":{"start":{"line":174,"column":2},"end":{"line":177,"column":4}}},"fnMap":{"0":{"name":"(anonymous_0)","decl":{"start":{"line":4,"column":27},"end":{"line":4,"column":28}},"loc":{"start":{"line":4,"column":60},"end":{"line":19,"column":1}},"line":4},"1":{"name":"(anonymous_1)","decl":{"start":{"line":21,"column":33},"end":{"line":21,"column":34}},"loc":{"start":{"line":24,"column":5},"end":{"line":45,"column":1}},"line":24},"2":{"name":"(anonymous_2)","decl":{"start":{"line":47,"column":24},"end":{"line":47,"column":25}},"loc":{"start":{"line":50,"column":45},"end":{"line":151,"column":1}},"line":50},"3":{"name":"(anonymous_3)","decl":{"start":{"line":153,"column":22},"end":{"line":153,"column":23}},"loc":{"start":{"line":160,"column":5},"end":{"line":178,"column":1}},"line":160}},"branchMap":{"0":{"loc":{"start":{"line":7,"column":2},"end":{"line":16,"column":3}},"type":"if","locations":[{"start":{"line":7,"column":2},"end":{"line":16,"column":3}},{"start":{},"end":{}}],"line":7},"1":{"loc":{"start":{"line":8,"column":4},"end":{"line":14,"column":5}},"type":"if","locations":[{"start":{"line":8,"column":4},"end":{"line":14,"column":5}},{"start":{"line":9,"column":9},"end":{"line":14,"column":5}}],"line":8},"2":{"loc":{"start":{"line":13,"column":25},"end":{"line":13,"column":54}},"type":"cond-expr","locations":[{"start":{"line":13,"column":38},"end":{"line":13,"column":41}},{"start":{"line":13,"column":44},"end":{"line":13,"column":54}}],"line":13},"3":{"loc":{"start":{"line":26,"column":2},"end":{"line":43,"column":3}},"type":"if","locations":[{"start":{"line":26,"column":2},"end":{"line":43,"column":3}},{"start":{"line":35,"column":9},"end":{"line":43,"column":3}}],"line":26},"4":{"loc":{"start":{"line":27,"column":4},"end":{"line":34,"column":36}},"type":"if","locations":[{"start":{"line":27,"column":4},"end":{"line":34,"column":36}},{"start":{"line":29,"column":9},"end":{"line":34,"column":36}}],"line":27},"5":{"loc":{"start":{"line":29,"column":9},"end":{"line":34,"column":36}},"type":"if","locations":[{"start":{"line":29,"column":9},"end":{"line":34,"column":36}},{"start":{"line":31,"column":9},"end":{"line":34,"column":36}}],"line":29},"6":{"loc":{"start":{"line":31,"column":9},"end":{"line":34,"column":36}},"type":"if","locations":[{"start":{"line":31,"column":9},"end":{"line":34,"column":36}},{"start":{"line":33,"column":9},"end":{"line":34,"column":36}}],"line":31},"7":{"loc":{"start":{"line":33,"column":9},"end":{"line":34,"column":36}},"type":"if","locations":[{"start":{"line":33,"column":9},"end":{"line":34,"column":36}},{"start":{},"end":{}}],"line":33},"8":{"loc":{"start":{"line":35,"column":9},"end":{"line":43,"column":3}},"type":"if","locations":[{"start":{"line":35,"column":9},"end":{"line":43,"column":3}},{"start":{},"end":{}}],"line":35},"9":{"loc":{"start":{"line":36,"column":4},"end":{"line":42,"column":37}},"type":"if","locations":[{"start":{"line":36,"column":4},"end":{"line":42,"column":37}},{"start":{"line":37,"column":9},"end":{"line":42,"column":37}}],"line":36},"10":{"loc":{"start":{"line":37,"column":9},"end":{"line":42,"column":37}},"type":"if","locations":[{"start":{"line":37,"column":9},"end":{"line":42,"column":37}},{"start":{"line":39,"column":9},"end":{"line":42,"column":37}}],"line":37},"11":{"loc":{"start":{"line":39,"column":9},"end":{"line":42,"column":37}},"type":"if","locations":[{"start":{"line":39,"column":9},"end":{"line":42,"column":37}},{"start":{"line":41,"column":9},"end":{"line":42,"column":37}}],"line":39},"12":{"loc":{"start":{"line":41,"column":9},"end":{"line":42,"column":37}},"type":"if","locations":[{"start":{"line":41,"column":9},"end":{"line":42,"column":37}},{"start":{},"end":{}}],"line":41},"13":{"loc":{"start":{"line":64,"column":2},"end":{"line":148,"column":3}},"type":"if","locations":[{"start":{"line":64,"column":2},"end":{"line":148,"column":3}},{"start":{"line":85,"column":9},"end":{"line":148,"column":3}}],"line":64},"14":{"loc":{"start":{"line":65,"column":4},"end":{"line":65,"column":61}},"type":"if","locations":[{"start":{"line":65,"column":4},"end":{"line":65,"column":61}},{"start":{},"end":{}}],"line":65},"15":{"loc":{"start":{"line":66,"column":4},"end":{"line":69,"column":27}},"type":"if","locations":[{"start":{"line":66,"column":4},"end":{"line":69,"column":27}},{"start":{},"end":{}}],"line":66},"16":{"loc":{"start":{"line":85,"column":9},"end":{"line":148,"column":3}},"type":"if","locations":[{"start":{"line":85,"column":9},"end":{"line":148,"column":3}},{"start":{"line":106,"column":9},"end":{"line":148,"column":3}}],"line":85},"17":{"loc":{"start":{"line":86,"column":4},"end":{"line":86,"column":61}},"type":"if","locations":[{"start":{"line":86,"column":4},"end":{"line":86,"column":61}},{"start":{},"end":{}}],"line":86},"18":{"loc":{"start":{"line":87,"column":4},"end":{"line":90,"column":27}},"type":"if","locations":[{"start":{"line":87,"column":4},"end":{"line":90,"column":27}},{"start":{},"end":{}}],"line":87},"19":{"loc":{"start":{"line":106,"column":9},"end":{"line":148,"column":3}},"type":"if","locations":[{"start":{"line":106,"column":9},"end":{"line":148,"column":3}},{"start":{"line":127,"column":9},"end":{"line":148,"column":3}}],"line":106},"20":{"loc":{"start":{"line":107,"column":4},"end":{"line":107,"column":80}},"type":"if","locations":[{"start":{"line":107,"column":4},"end":{"line":107,"column":80}},{"start":{},"end":{}}],"line":107},"21":{"loc":{"start":{"line":108,"column":4},"end":{"line":111,"column":27}},"type":"if","locations":[{"start":{"line":108,"column":4},"end":{"line":111,"column":27}},{"start":{},"end":{}}],"line":108},"22":{"loc":{"start":{"line":127,"column":9},"end":{"line":148,"column":3}},"type":"if","locations":[{"start":{"line":127,"column":9},"end":{"line":148,"column":3}},{"start":{},"end":{}}],"line":127},"23":{"loc":{"start":{"line":128,"column":4},"end":{"line":128,"column":80}},"type":"if","locations":[{"start":{"line":128,"column":4},"end":{"line":128,"column":80}},{"start":{},"end":{}}],"line":128},"24":{"loc":{"start":{"line":129,"column":4},"end":{"line":132,"column":27}},"type":"if","locations":[{"start":{"line":129,"column":4},"end":{"line":132,"column":27}},{"start":{},"end":{}}],"line":129},"25":{"loc":{"start":{"line":161,"column":2},"end":{"line":173,"column":3}},"type":"if","locations":[{"start":{"line":161,"column":2},"end":{"line":173,"column":3}},{"start":{"line":167,"column":9},"end":{"line":173,"column":3}}],"line":161},"26":{"loc":{"start":{"line":167,"column":9},"end":{"line":173,"column":3}},"type":"if","locations":[{"start":{"line":167,"column":9},"end":{"line":173,"column":3}},{"start":{},"end":{}}],"line":167},"27":{"loc":{"start":{"line":167,"column":13},"end":{"line":167,"column":59}},"type":"binary-expr","locations":[{"start":{"line":167,"column":13},"end":{"line":167,"column":34}},{"start":{"line":167,"column":38},"end":{"line":167,"column":59}}],"line":167}},"s":{"0":2,"1":7,"2":7,"3":7,"4":2,"5":1,"6":1,"7":1,"8":1,"9":2,"10":7,"11":2,"12":9,"13":9,"14":5,"15":1,"16":4,"17":2,"18":2,"19":1,"20":1,"21":1,"22":4,"23":4,"24":1,"25":3,"26":1,"27":2,"28":1,"29":1,"30":1,"31":9,"32":2,"33":6,"34":6,"35":6,"36":6,"37":6,"38":2,"39":0,"40":2,"41":0,"42":2,"43":2,"44":2,"45":2,"46":4,"47":2,"48":1,"49":1,"50":0,"51":1,"52":1,"53":1,"54":1,"55":2,"56":1,"57":0,"58":1,"59":0,"60":1,"61":1,"62":1,"63":1,"64":1,"65":1,"66":1,"67":0,"68":0,"69":0,"70":0,"71":0,"72":0,"73":0,"74":2,"75":3,"76":1,"77":1,"78":2,"79":1,"80":1,"81":1},"f":{"0":7,"1":9,"2":6,"3":3},"b":{"0":[2,5],"1":[1,1],"2":[0,1],"3":[5,4],"4":[1,4],"5":[2,2],"6":[1,1],"7":[1,0],"8":[4,0],"9":[1,3],"10":[1,2],"11":[1,1],"12":[1,0],"13":[2,4],"14":[0,2],"15":[0,2],"16":[2,2],"17":[1,1],"18":[0,1],"19":[1,1],"20":[0,1],"21":[0,1],"22":[1,0],"23":[1,0],"24":[0,0],"25":[1,2],"26":[1,1],"27":[2,2]},"_coverageSchema":"1a1c01bbd47fc00a2c39e90264f33305004495a9","hash":"053177c5d001f4e66896b6ca7b40436736c58e61"}
,"/Users/william/Desktop/Projets Code/entretient/map-resolver/src/utils/readFile.ts": {"path":"/Users/william/Desktop/Projets Code/entretient/map-resolver/src/utils/readFile.ts","statementMap":{"0":{"start":{"line":1,"column":17},"end":{"line":12,"column":1}},"1":{"start":{"line":2,"column":17},"end":{"line":2,"column":33}},"2":{"start":{"line":4,"column":2},"end":{"line":4,"column":25}},"3":{"start":{"line":4,"column":13},"end":{"line":4,"column":25}},"4":{"start":{"line":6,"column":2},"end":{"line":6,"column":26}},"5":{"start":{"line":7,"column":2},"end":{"line":9,"column":4}},"6":{"start":{"line":8,"column":4},"end":{"line":8,"column":19}},"7":{"start":{"line":11,"column":2},"end":{"line":11,"column":16}}},"fnMap":{"0":{"name":"(anonymous_0)","decl":{"start":{"line":1,"column":17},"end":{"line":1,"column":18}},"loc":{"start":{"line":1,"column":52},"end":{"line":12,"column":1}},"line":1},"1":{"name":"(anonymous_1)","decl":{"start":{"line":7,"column":19},"end":{"line":7,"column":20}},"loc":{"start":{"line":7,"column":25},"end":{"line":9,"column":3}},"line":7}},"branchMap":{"0":{"loc":{"start":{"line":4,"column":2},"end":{"line":4,"column":25}},"type":"if","locations":[{"start":{"line":4,"column":2},"end":{"line":4,"column":25}},{"start":{},"end":{}}],"line":4}},"s":{"0":1,"1":0,"2":0,"3":0,"4":0,"5":0,"6":0,"7":0},"f":{"0":0,"1":0},"b":{"0":[0,0]},"_coverageSchema":"1a1c01bbd47fc00a2c39e90264f33305004495a9","hash":"28eb3a2fb066c94ce656431f55f19893f64c6c55"}
}
