TN:
SF:src/App.tsx
FN:12,(anonymous_0)
FN:19,(anonymous_1)
FN:28,(anonymous_2)
FN:31,(anonymous_3)
FN:40,(anonymous_4)
FN:43,(anonymous_5)
FN:45,(anonymous_6)
FNF:7
FNH:1
FNDA:1,(anonymous_0)
FNDA:0,(anonymous_1)
FNDA:0,(anonymous_2)
FNDA:0,(anonymous_3)
FNDA:0,(anonymous_4)
FNDA:0,(anonymous_5)
FNDA:0,(anonymous_6)
DA:12,1
DA:13,1
DA:14,1
DA:15,1
DA:16,1
DA:17,1
DA:19,1
DA:20,0
DA:21,0
DA:22,0
DA:23,0
DA:24,0
DA:28,1
DA:29,0
DA:30,0
DA:31,0
DA:32,0
DA:33,0
DA:36,0
DA:40,1
DA:41,0
DA:42,0
DA:43,0
DA:44,0
DA:45,0
DA:46,0
DA:47,0
DA:48,0
DA:50,0
DA:52,0
DA:53,0
DA:54,0
DA:57,1
DA:58,0
DA:64,1
LF:35
LH:11
BRDA:20,0,0,0
BRDA:20,0,1,0
BRDA:30,1,0,0
BRDA:30,1,1,0
BRDA:57,2,0,0
BRDA:57,2,1,1
BRDA:66,3,0,0
BRDA:66,3,1,1
BRDA:66,4,0,1
BRDA:66,4,1,0
BRF:10
BRH:3
end_of_record
TN:
SF:src/index.tsx
FNF:0
FNH:0
DA:7,0
DA:10,0
DA:19,0
LF:3
LH:0
BRF:0
BRH:0
end_of_record
TN:
SF:src/reportWebVitals.ts
FN:3,(anonymous_0)
FN:5,(anonymous_1)
FNF:2
FNH:0
FNDA:0,(anonymous_0)
FNDA:0,(anonymous_1)
DA:3,0
DA:4,0
DA:5,0
DA:6,0
DA:7,0
DA:8,0
DA:9,0
DA:10,0
LF:8
LH:0
BRDA:4,0,0,0
BRDA:4,0,1,0
BRDA:4,1,0,0
BRDA:4,1,1,0
BRF:4
BRH:0
end_of_record
TN:
SF:src/components/RenderMap.tsx
FN:7,(anonymous_0)
FN:12,(anonymous_1)
FN:13,(anonymous_2)
FNF:3
FNH:3
FNDA:1,(anonymous_0)
FNDA:4,(anonymous_1)
FNDA:12,(anonymous_2)
DA:7,2
DA:8,1
DA:9,1
DA:13,4
DA:14,12
DA:16,4
LF:6
LH:6
BRDA:11,0,0,1
BRDA:11,0,1,0
BRDA:11,1,0,1
BRDA:11,1,1,1
BRF:4
BRH:3
end_of_record
TN:
SF:src/components/RenderResults.tsx
FN:9,(anonymous_0)
FN:13,(anonymous_1)
FN:14,(anonymous_2)
FN:26,(anonymous_3)
FN:33,(anonymous_4)
FN:39,(anonymous_5)
FN:45,(anonymous_6)
FNF:7
FNH:7
FNDA:1,(anonymous_0)
FNDA:4,(anonymous_1)
FNDA:12,(anonymous_2)
FNDA:1,(anonymous_3)
FNDA:2,(anonymous_4)
FNDA:1,(anonymous_5)
FNDA:1,(anonymous_6)
DA:9,2
DA:10,1
DA:11,1
DA:13,1
DA:14,4
DA:15,12
DA:16,1
DA:17,1
DA:18,11
DA:19,2
DA:23,1
DA:26,2
DA:27,1
DA:28,1
DA:29,1
DA:34,2
DA:40,1
DA:46,1
LF:18
LH:18
BRDA:15,0,0,1
BRDA:15,0,1,11
BRDA:17,1,0,1
BRDA:17,1,1,0
BRDA:18,2,0,2
BRDA:18,2,1,9
BRF:6
BRH:5
end_of_record
TN:
SF:src/type/enum.ts
FNF:0
FNH:0
LF:0
LH:0
BRF:0
BRH:0
end_of_record
TN:
SF:src/type/regex.ts
FNF:0
FNH:0
DA:1,3
LF:1
LH:1
BRF:0
BRH:0
end_of_record
TN:
SF:src/type/type.ts
FNF:0
FNH:0
LF:0
LH:0
BRF:0
BRH:0
end_of_record
TN:
SF:src/utils/createMap.ts
FN:7,(anonymous_0)
FN:31,(anonymous_1)
FN:38,(anonymous_2)
FN:74,(anonymous_3)
FN:79,(anonymous_4)
FN:84,(anonymous_5)
FNF:6
FNH:6
FNDA:37,(anonymous_0)
FNDA:5,(anonymous_1)
FNDA:25,(anonymous_2)
FNDA:8,(anonymous_3)
FNDA:6,(anonymous_4)
FNDA:2,(anonymous_5)
DA:7,2
DA:8,37
DA:9,37
DA:10,9
DA:11,8
DA:12,7
DA:13,28
DA:14,10
DA:15,9
DA:16,1
DA:17,18
DA:18,10
DA:19,9
DA:20,1
DA:21,8
DA:22,8
DA:23,7
DA:24,1
DA:25,6
DA:26,5
DA:28,25
DA:31,2
DA:32,5
DA:33,5
DA:34,5
DA:35,5
DA:36,5
DA:38,5
DA:39,25
DA:41,25
DA:42,25
DA:44,24
DA:45,4
DA:46,16
DA:47,16
DA:48,48
DA:50,16
DA:52,20
DA:53,8
DA:58,12
DA:59,8
DA:60,4
DA:61,4
DA:70,24
DA:73,5
DA:75,8
DA:76,8
DA:78,5
DA:80,6
DA:81,6
DA:83,5
DA:85,2
DA:86,1
DA:87,2
DA:90,5
LF:55
LH:55
BRDA:9,0,0,9
BRDA:9,0,1,28
BRDA:10,1,0,1
BRDA:10,1,1,8
BRDA:11,2,0,1
BRDA:11,2,1,7
BRDA:11,3,0,8
BRDA:11,3,1,7
BRDA:12,4,0,2
BRDA:12,4,1,5
BRDA:12,5,0,7
BRDA:12,5,1,7
BRDA:13,6,0,10
BRDA:13,6,1,18
BRDA:14,7,0,1
BRDA:14,7,1,9
BRDA:15,8,0,1
BRDA:15,8,1,8
BRDA:15,9,0,9
BRDA:15,9,1,9
BRDA:15,9,2,8
BRDA:17,10,0,10
BRDA:17,10,1,8
BRDA:18,11,0,1
BRDA:18,11,1,9
BRDA:19,12,0,1
BRDA:19,12,1,8
BRDA:19,13,0,9
BRDA:19,13,1,9
BRDA:21,14,0,8
BRDA:21,14,1,0
BRDA:22,15,0,1
BRDA:22,15,1,7
BRDA:23,16,0,1
BRDA:23,16,1,6
BRDA:23,17,0,7
BRDA:23,17,1,7
BRDA:25,18,0,1
BRDA:25,18,1,5
BRDA:26,19,0,1
BRDA:26,19,1,4
BRDA:42,20,0,1
BRDA:42,20,1,24
BRDA:44,21,0,4
BRDA:44,21,1,20
BRDA:52,22,0,8
BRDA:52,22,1,12
BRDA:58,23,0,8
BRDA:58,23,1,4
BRDA:60,24,0,4
BRDA:60,24,1,0
BRDA:73,25,0,5
BRDA:73,25,1,4
BRDA:75,26,0,1
BRDA:75,26,1,7
BRDA:78,27,0,5
BRDA:78,27,1,3
BRDA:80,28,0,1
BRDA:80,28,1,5
BRDA:83,29,0,5
BRDA:83,29,1,2
BRDA:85,30,0,1
BRDA:85,30,1,1
BRF:63
BRH:61
end_of_record
TN:
SF:src/utils/isEnum.ts
FN:3,(anonymous_0)
FNF:1
FNH:1
FNDA:10,(anonymous_0)
DA:3,3
DA:4,10
LF:2
LH:2
BRF:0
BRH:0
end_of_record
TN:
SF:src/utils/isNumeric.ts
FN:3,(anonymous_0)
FNF:1
FNH:1
FNDA:77,(anonymous_0)
DA:3,3
DA:4,77
LF:2
LH:2
BRF:0
BRH:0
end_of_record
TN:
SF:src/utils/onMove.ts
FN:4,(anonymous_0)
FN:21,(anonymous_1)
FN:47,(anonymous_2)
FN:153,(anonymous_3)
FNF:4
FNH:4
FNDA:7,(anonymous_0)
FNDA:9,(anonymous_1)
FNDA:6,(anonymous_2)
FNDA:3,(anonymous_3)
DA:4,2
DA:5,7
DA:6,7
DA:7,7
DA:8,2
DA:10,1
DA:11,1
DA:13,1
DA:15,2
DA:18,7
DA:21,2
DA:25,9
DA:26,9
DA:27,5
DA:28,1
DA:29,4
DA:30,2
DA:31,2
DA:32,1
DA:33,1
DA:34,1
DA:35,4
DA:36,4
DA:37,3
DA:38,1
DA:39,2
DA:40,1
DA:41,1
DA:42,1
DA:44,9
DA:47,2
DA:51,6
DA:57,6
DA:58,6
DA:62,6
DA:64,6
DA:65,2
DA:66,2
DA:69,0
DA:71,2
DA:72,2
DA:76,2
DA:78,2
DA:85,4
DA:86,2
DA:87,1
DA:90,0
DA:92,1
DA:93,1
DA:97,1
DA:99,1
DA:106,2
DA:107,1
DA:108,1
DA:111,0
DA:113,1
DA:114,1
DA:118,1
DA:120,1
DA:127,1
DA:128,1
DA:129,0
DA:132,0
DA:134,0
DA:135,0
DA:139,0
DA:141,0
DA:150,0
DA:153,2
DA:161,3
DA:162,1
DA:163,1
DA:167,2
DA:168,1
DA:169,1
DA:174,1
LF:76
LH:66
BRDA:7,0,0,2
BRDA:7,0,1,5
BRDA:8,1,0,1
BRDA:8,1,1,1
BRDA:13,2,0,0
BRDA:13,2,1,1
BRDA:26,3,0,5
BRDA:26,3,1,4
BRDA:27,4,0,1
BRDA:27,4,1,4
BRDA:29,5,0,2
BRDA:29,5,1,2
BRDA:31,6,0,1
BRDA:31,6,1,1
BRDA:33,7,0,1
BRDA:33,7,1,0
BRDA:35,8,0,4
BRDA:35,8,1,0
BRDA:36,9,0,1
BRDA:36,9,1,3
BRDA:37,10,0,1
BRDA:37,10,1,2
BRDA:39,11,0,1
BRDA:39,11,1,1
BRDA:41,12,0,1
BRDA:41,12,1,0
BRDA:64,13,0,2
BRDA:64,13,1,4
BRDA:65,14,0,0
BRDA:65,14,1,2
BRDA:66,15,0,0
BRDA:66,15,1,2
BRDA:85,16,0,2
BRDA:85,16,1,2
BRDA:86,17,0,1
BRDA:86,17,1,1
BRDA:87,18,0,0
BRDA:87,18,1,1
BRDA:106,19,0,1
BRDA:106,19,1,1
BRDA:107,20,0,0
BRDA:107,20,1,1
BRDA:108,21,0,0
BRDA:108,21,1,1
BRDA:127,22,0,1
BRDA:127,22,1,0
BRDA:128,23,0,1
BRDA:128,23,1,0
BRDA:129,24,0,0
BRDA:129,24,1,0
BRDA:161,25,0,1
BRDA:161,25,1,2
BRDA:167,26,0,1
BRDA:167,26,1,1
BRDA:167,27,0,2
BRDA:167,27,1,2
BRF:56
BRH:43
end_of_record
TN:
SF:src/utils/readFile.ts
FN:1,(anonymous_0)
FN:7,(anonymous_1)
FNF:2
FNH:0
FNDA:0,(anonymous_0)
FNDA:0,(anonymous_1)
DA:1,1
DA:2,0
DA:4,0
DA:6,0
DA:7,0
DA:8,0
DA:11,0
LF:7
LH:1
BRDA:4,0,0,0
BRDA:4,0,1,0
BRF:2
BRH:0
end_of_record
